{"logTime": "0423/112715", "correlationVector":"gOST/lj1GMm2QJz0EkthhC.1","action":"SyncServerConnectionManagerRequest", "result":"SYNC_SERVER_OK", "context":{"environment":"Prod_southindia_prod-s01-004-apac-southindia", "migrationStage":"NotStarted", "server":"akswtt10400000i"}}
{"logTime": "0423/112715", "correlationVector":"gOST/lj1GMm2QJz0EkthhC.2","action":"ProcessGetUpdates", "result":"Done", "context":{"dataType":"Encryption Keys", "deleted":"0", "process_failed_to_decrypt":"0", "process_pending_decryption":"0", "process_success":"1", "total":"1"}}
{"logTime": "0423/112715", "correlationVector":"4cMfcDwr+BhrKbQUUHhPXF","action":"SyncServerConnectionManagerRequest", "result":"SYNC_SERVER_OK", "context":{"environment":"", "migrationStage":"", "server":""}}
{"logTime": "0423/112715", "correlationVector":"4cMfcDwr+BhrKbQUUHhPXF.0","action":"EncryptionKeysFetcher.DownloadKeys:", "result":"Success", "context":Key count: 2, Last key timestamp: 2026-03-26T18:15:07Z}
{"logTime": "0423/112715", "correlationVector":"4cMfcDwr+BhrKbQUUHhPXF.1","action":"EncryptionKeysManager::SetEncryptionKeys:", "result":"Success", "context":Key names[2]:[aZ9H7M37jDlodnob982Sq39FyCk1L5hjrLCFBBiBOOxRpWYn/1mzvj5xFp2XEZgs0Io0P2B6B+5kZ1NbrZKyMw==][aNBq7GQPmlUnzAQiBk5ztdNBUpbtaxTT+Zgo1oHqKnE3/TK7JPN2pZJVfQ+iDvIfzudMUz4e5Vf3AiQ6heVybQ==]}
{"logTime": "0423/112715", "correlationVector":"4cMfcDwr+BhrKbQUUHhPXF.2","action":"EncryptionKeysManager::SetEncryptionKeysWithTimestamps:", "result":"Success", "context":Key timestamps[2]:[2025-09-20T19:46:13Z][2026-03-26T18:15:07Z]}
{"logTime": "0423/112715", "correlationVector":"gOST/lj1GMm2QJz0EkthhC","action":"Initial GetUpdates", "result":"", "context":Reason: NEW_CLIENT. cV=gOST/lj1GMm2QJz0EkthhC}
{"logTime": "0423/112715", "correlationVector":"gOST/lj1GMm2QJz0EkthhC.3","action":"GetUpdates Response", "result":"Success", "context":Received 1 update(s). cV=gOST/lj1GMm2QJz0EkthhC.0;server=akswtt10400000i;cloudType=Consumer;environment=Prod_southindia_prod-s01-004-apac-southindia;migrationStage=NotStarted}
{"logTime": "0423/112715", "correlationVector":"lPCavQPYeXJdxFhQg6d73d","action":"Initial GetUpdates", "result":"", "context":Reason: NEWLY_SUPPORTED_DATATYPE. cV=lPCavQPYeXJdxFhQg6d73d}
{"logTime": "0423/112716", "correlationVector":"lPCavQPYeXJdxFhQg6d73d.1","action":"SyncServerConnectionManagerRequest", "result":"SYNC_SERVER_OK", "context":{"environment":"Prod_southindia_prod-s01-004-apac-southindia", "migrationStage":"NotStarted", "server":"akswtt10400000h"}}
{"logTime": "0423/112716", "correlationVector":"lPCavQPYeXJdxFhQg6d73d.2","action":"ProcessGetUpdates", "result":"Done", "context":{"dataType":"Preferences", "deleted":"0", "process_failed_to_decrypt":"0", "process_pending_decryption":"0", "process_success":"49", "total":"49"}}
{"logTime": "0423/112716", "correlationVector":"lPCavQPYeXJdxFhQg6d73d.3","action":"ProcessGetUpdates", "result":"Done", "context":{"dataType":"Device Info", "deleted":"0", "process_failed_to_decrypt":"0", "process_pending_decryption":"0", "process_success":"2", "total":"2"}}
{"logTime": "0423/112716", "correlationVector":"lPCavQPYeXJdxFhQg6d73d.4","action":"GetUpdates Response", "result":"Success", "context":Received 51 update(s). cV=lPCavQPYeXJdxFhQg6d73d.0;server=akswtt10400000h;cloudType=Consumer;environment=Prod_southindia_prod-s01-004-apac-southindia;migrationStage=NotStarted}
{"logTime": "0423/112716", "correlationVector":"7UjW7HR6it3eL4KpCsI6Xr","action":"Initial GetUpdates", "result":"", "context":Reason: NEWLY_SUPPORTED_DATATYPE. cV=7UjW7HR6it3eL4KpCsI6Xr}
{"logTime": "0423/112716", "correlationVector":"7UjW7HR6it3eL4KpCsI6Xr.1","action":"SyncServerConnectionManagerRequest", "result":"SYNC_SERVER_OK", "context":{"environment":"Prod_southindia_prod-s01-004-apac-southindia", "migrationStage":"NotStarted", "server":"akswtt10400000k"}}
{"logTime": "0423/112716", "correlationVector":"7UjW7HR6it3eL4KpCsI6Xr.2","action":"ProcessGetUpdates", "result":"Done", "context":{"dataType":"Bookmarks", "deleted":"0", "process_failed_to_decrypt":"0", "process_pending_decryption":"0", "process_success":"6", "total":"6"}}
{"logTime": "0423/112716", "correlationVector":"7UjW7HR6it3eL4KpCsI6Xr.3","action":"GetUpdates Response", "result":"Success", "context":Received 6 update(s). cV=7UjW7HR6it3eL4KpCsI6Xr.0;server=akswtt10400000k;cloudType=Consumer;environment=Prod_southindia_prod-s01-004-apac-southindia;migrationStage=NotStarted}
{"logTime": "0423/112716", "correlationVector":"a0nnEKE59OJkNQV7lYi//l","action":"Initial GetUpdates", "result":"", "context":Reason: NEWLY_SUPPORTED_DATATYPE. cV=a0nnEKE59OJkNQV7lYi//l}
{"logTime": "0423/112716", "correlationVector":"a0nnEKE59OJkNQV7lYi//l.1","action":"SyncServerConnectionManagerRequest", "result":"SYNC_SERVER_OK", "context":{"environment":"Prod_southindia_prod-s01-004-apac-southindia", "migrationStage":"NotStarted", "server":"akswtt10400000x"}}
{"logTime": "0423/112716", "correlationVector":"a0nnEKE59OJkNQV7lYi//l.2","action":"ProcessGetUpdates", "result":"Done", "context":{"dataType":"Autofill", "deleted":"0", "process_failed_to_decrypt":"0", "process_pending_decryption":"0", "process_success":"2", "total":"2"}}
{"logTime": "0423/112716", "correlationVector":"a0nnEKE59OJkNQV7lYi//l.3","action":"ProcessGetUpdates", "result":"Done", "context":{"dataType":"Edge Hub App Usage", "deleted":"3", "process_failed_to_decrypt":"0", "process_pending_decryption":"0", "process_success":"5", "total":"5"}}
{"logTime": "0423/112716", "correlationVector":"a0nnEKE59OJkNQV7lYi//l.4","action":"GetUpdates Response", "result":"Success", "context":Received 7 update(s). cV=a0nnEKE59OJkNQV7lYi//l.0;server=akswtt10400000x;cloudType=Consumer;environment=Prod_southindia_prod-s01-004-apac-southindia;migrationStage=NotStarted}
{"logTime": "0423/112716", "correlationVector":"nzOXiCUEg0nTgYgWv5yaf+","action":"Initial GetUpdates", "result":"", "context":Reason: NEWLY_SUPPORTED_DATATYPE. cV=nzOXiCUEg0nTgYgWv5yaf+}
{"logTime": "0423/112717", "correlationVector":"nzOXiCUEg0nTgYgWv5yaf+.1","action":"SyncServerConnectionManagerRequest", "result":"SYNC_SERVER_OK", "context":{"environment":"Prod_southindia_prod-s01-004-apac-southindia", "migrationStage":"NotStarted", "server":"akswtt104000001"}}
{"logTime": "0423/112717", "correlationVector":"nzOXiCUEg0nTgYgWv5yaf+.2","action":"GetUpdates Response", "result":"Success", "context":Received 0 update(s). cV=nzOXiCUEg0nTgYgWv5yaf+.0;server=akswtt104000001;cloudType=Consumer;environment=Prod_southindia_prod-s01-004-apac-southindia;migrationStage=NotStarted}
{"logTime": "0423/112717", "correlationVector":"yahwacOb2sEn8FnZOzyLsA","action":"Normal GetUpdate request", "result":"", "context":cV=yahwacOb2sEn8FnZOzyLsA
Nudged types: Sessions, Device Info, User Consents
Refresh requested types: Bookmarks, Preferences, Passwords, Autofill Profiles, Autofill, Extensions, Sessions, Extension settings, History Delete Directives, Device Info, User Consents, Send Tab To Self, Web Apps, History, Saved Tab Group, WebAuthn Credentials, Collection, Edge E Drop, Edge Hub App Usage, Edge Wallet, Edge Workspace, Encryption Keys}
{"logTime": "0423/112717", "correlationVector":"yahwacOb2sEn8FnZOzyLsA.1","action":"SyncServerConnectionManagerRequest", "result":"SYNC_SERVER_OK", "context":{"environment":"Prod_southindia_prod-s01-004-apac-southindia", "migrationStage":"NotStarted", "server":"akswtt104000010"}}
{"logTime": "0423/112717", "correlationVector":"yahwacOb2sEn8FnZOzyLsA.2","action":"GetUpdates Response", "result":"Success", "context":Received 0 update(s). cV=yahwacOb2sEn8FnZOzyLsA.0;server=akswtt104000010;cloudType=Consumer;environment=Prod_southindia_prod-s01-004-apac-southindia;migrationStage=NotStarted}
{"logTime": "0423/112717", "correlationVector":"ZazBjEoYcZ6HXTuhBMgi9l","action":"DoCompareDataConsistency requsted types: ", "result":"Bookmarks, Preferences, Passwords, Extensions, Extension settings, History Delete Directives, Send Tab To Self, Web Apps, History, Saved Tab Group, WebAuthn Credentials, Collection, Edge E Drop, Edge Wallet, Edge Workspace, Encryption Keys"}
{"logTime": "0423/112717", "correlationVector":"ZazBjEoYcZ6HXTuhBMgi9l.0","action":"CompareDataConsistency result: ", "result":"Compare result: Encryption Keys is consistent. local entities count is: 1 local entities hash is: ORR0cq1kOfZYNf/c1EX21m1e4sU="}
{"logTime": "0423/112717", "correlationVector":"ZazBjEoYcZ6HXTuhBMgi9l.1","action":"CompareDataConsistency result: ", "result":"Compare result: Bookmarks is consistent. local entities count is: 0 local entities hash is: "}
{"logTime": "0423/112717", "correlationVector":"ZazBjEoYcZ6HXTuhBMgi9l.2","action":"CompareDataConsistency result: ", "result":"Compare result: Preferences is consistent. local entities count is: 49 local entities hash is: Jv0Z/MkzB6+4pFvf+XWi4QJ6rJI="}
{"logTime": "0423/112717", "correlationVector":"ZazBjEoYcZ6HXTuhBMgi9l.3","action":"CompareDataConsistency result: ", "result":"Compare result: Extensions is consistent. local entities count is: 0 local entities hash is: "}
{"logTime": "0423/112717", "correlationVector":"ZazBjEoYcZ6HXTuhBMgi9l.4","action":"CompareDataConsistency result: ", "result":"Compare result: Extension settings is consistent. local entities count is: 0 local entities hash is: "}
{"logTime": "0423/112717", "correlationVector":"ZazBjEoYcZ6HXTuhBMgi9l.5","action":"CompareDataConsistency result: ", "result":"Compare result: History Delete Directives is consistent. local entities count is: 0 local entities hash is: "}
{"logTime": "0423/112717", "correlationVector":"ZazBjEoYcZ6HXTuhBMgi9l.6","action":"CompareDataConsistency result: ", "result":"Server did not send this Send Tab To Self local entities count is: 0 local entities hash is: "}
{"logTime": "0423/112717", "correlationVector":"ZazBjEoYcZ6HXTuhBMgi9l.7","action":"CompareDataConsistency result: ", "result":"Compare result: Web Apps is consistent. local entities count is: 0 local entities hash is: "}
{"logTime": "0423/112717", "correlationVector":"ZazBjEoYcZ6HXTuhBMgi9l.8","action":"CompareDataConsistency result: ", "result":"Server did not send this History local entities count is: 0 local entities hash is: "}
{"logTime": "0423/112717", "correlationVector":"ZazBjEoYcZ6HXTuhBMgi9l.9","action":"CompareDataConsistency result: ", "result":"Compare result: Saved Tab Group is consistent. local entities count is: 0 local entities hash is: "}
{"logTime": "0423/112717", "correlationVector":"ZazBjEoYcZ6HXTuhBMgi9l.10","action":"CompareDataConsistency result: ", "result":"Server did not send this WebAuthn Credentials local entities count is: 0 local entities hash is: "}
{"logTime": "0423/112717", "correlationVector":"ZazBjEoYcZ6HXTuhBMgi9l.11","action":"CompareDataConsistency result: ", "result":"Compare result: Collection is consistent. local entities count is: 0 local entities hash is: "}
{"logTime": "0423/112717", "correlationVector":"ZazBjEoYcZ6HXTuhBMgi9l.12","action":"CompareDataConsistency result: ", "result":"Compare result: Edge E Drop is consistent. local entities count is: 0 local entities hash is: "}
{"logTime": "0423/112717", "correlationVector":"ZazBjEoYcZ6HXTuhBMgi9l.13","action":"CompareDataConsistency result: ", "result":"Compare result: Edge Wallet is consistent. local entities count is: 0 local entities hash is: "}
{"logTime": "0423/112717", "correlationVector":"ZazBjEoYcZ6HXTuhBMgi9l.14","action":"CompareDataConsistency result: ", "result":"Server did not send this Edge Workspace local entities count is: 0 local entities hash is: "}
{"logTime": "0423/112717", "correlationVector":"ZazBjEoYcZ6HXTuhBMgi9l.15","action":"CompareDataConsistency result: ", "result":"Compare result: Passwords is consistent. local entities count is: 0 local entities hash is: "}
{"logTime": "0423/112717", "correlationVector":"JDrZE5DkjESxln5nFhyj05","action":"Commit Request", "result":"", "context":Item count: 4
Contributing types: Sessions, Device Info, User Consents}
{"logTime": "0423/112718", "correlationVector":"JDrZE5DkjESxln5nFhyj05.1","action":"SyncServerConnectionManagerRequest", "result":"SYNC_SERVER_OK", "context":{"environment":"Prod_southindia_prod-s01-004-apac-southindia", "migrationStage":"NotStarted", "server":"akswtt104000001"}}
{"logTime": "0423/112718", "correlationVector":"JDrZE5DkjESxln5nFhyj05.2","action":"Commit Response", "result":"Success", "context":Result: Success. cV=JDrZE5DkjESxln5nFhyj05.0;server=akswtt104000001;cloudType=Consumer;environment=Prod_southindia_prod-s01-004-apac-southindia;migrationStage=NotStarted}
{"logTime": "0423/112718", "correlationVector":"","action":"DIAGNOSTIC_REQUEST|v1/diagnosticData/Diagnostic.SendCheckResult()|SUCCESS", "result":""}
{"logTime": "0423/113126", "correlationVector":"047qFo+PrCyW7goE8zdCGl","action":"Normal GetUpdate request", "result":"", "context":cV=047qFo+PrCyW7goE8zdCGl
Nudged types: Sessions, History
Refresh requested types: Bookmarks, Preferences, Passwords, Autofill Profiles, Autofill, Extensions, Sessions, Extension settings, History Delete Directives, Device Info, User Consents, Send Tab To Self, Web Apps, History, Saved Tab Group, WebAuthn Credentials, Collection, Edge E Drop, Edge Hub App Usage, Edge Wallet, Edge Workspace, Encryption Keys}
{"logTime": "0423/113127", "correlationVector":"047qFo+PrCyW7goE8zdCGl.1","action":"SyncServerConnectionManagerRequest", "result":"SYNC_SERVER_OK", "context":{"environment":"Prod_southindia_prod-s01-004-apac-southindia", "migrationStage":"NotStarted", "server":"akswtt104000009"}}
{"logTime": "0423/113127", "correlationVector":"047qFo+PrCyW7goE8zdCGl.2","action":"ProcessGetUpdates", "result":"Done", "context":{"dataType":"Sessions", "deleted":"0", "process_failed_to_decrypt":"0", "process_pending_decryption":"0", "process_success":"2", "total":"2"}}
{"logTime": "0423/113127", "correlationVector":"047qFo+PrCyW7goE8zdCGl.3","action":"ProcessGetUpdates", "result":"Done", "context":{"dataType":"Device Info", "deleted":"0", "process_failed_to_decrypt":"0", "process_pending_decryption":"0", "process_success":"1", "total":"1"}}
{"logTime": "0423/113127", "correlationVector":"047qFo+PrCyW7goE8zdCGl.4","action":"GetUpdates Response", "result":"Success", "context":Received 3 update(s). cV=047qFo+PrCyW7goE8zdCGl.0;server=akswtt104000009;cloudType=Consumer;environment=Prod_southindia_prod-s01-004-apac-southindia;migrationStage=NotStarted}
{"logTime": "0423/113127", "correlationVector":"Gs3sq0Sk7oJCF+nxhSHYDY","action":"Commit Request", "result":"", "context":Item count: 5
Contributing types: Sessions, History}
{"logTime": "0423/113128", "correlationVector":"Gs3sq0Sk7oJCF+nxhSHYDY.1","action":"SyncServerConnectionManagerRequest", "result":"SYNC_SERVER_OK", "context":{"environment":"Prod_southindia_prod-s01-004-apac-southindia", "migrationStage":"NotStarted", "server":"akswtt10400001h"}}
{"logTime": "0423/113128", "correlationVector":"Gs3sq0Sk7oJCF+nxhSHYDY.3","action":"Commit.Sessions", "result":"Success", "context":{"id":"80441f4f-4d80-4e64-8b0f-206c690ed85f", "isDeleted":"true", "size":"0", "version":"1776943556122"}}
{"logTime": "0423/113128", "correlationVector":"Gs3sq0Sk7oJCF+nxhSHYDY.2","action":"Commit Response", "result":"Success", "context":Result: Success. cV=Gs3sq0Sk7oJCF+nxhSHYDY.0;server=akswtt10400001h;cloudType=Consumer;environment=Prod_southindia_prod-s01-004-apac-southindia;migrationStage=NotStarted}
